2016-02-02 15:08:19,824 INFO  [Log] **************************************************************************************** 
2016-02-02 15:08:19,825 INFO  [Log] **************************************************************************************** 
2016-02-02 15:08:19,825 INFO  [Log] $$$$$$$$$$$$$$$$$$$$$                 Selenium_Test_001       $$$$$$$$$$$$$$$$$$$$$$$$$ 
2016-02-02 15:08:19,825 INFO  [Log] **************************************************************************************** 
2016-02-02 15:08:19,825 INFO  [Log] **************************************************************************************** 
2016-02-02 15:08:20,778 INFO  [Log]  打开Excel表格 
2016-02-02 15:08:26,750 INFO  [Log] New driver 初始化 
2016-02-02 15:08:26,755 INFO  [Log] 等待10秒 
2016-02-02 15:08:39,122 INFO  [Log] 点击首页好房金融tab页 
2016-02-02 15:08:40,753 INFO  [Log] 在好房金融弹出下拉框选择e房钱  
2016-02-02 15:08:40,798 INFO  [Log] 进入e 房钱首页 
2016-02-02 15:08:40,924 INFO  [Log] 点击申请e房钱链接 
2016-02-02 15:08:45,751 INFO  [Log] 输入【小区名称】信息 
2016-02-02 15:08:48,901 INFO  [Log] 输入【物业地址】信息 
2016-02-02 15:08:52,032 INFO  [Log] 输入【产证面积】信息 
2016-02-02 15:08:55,169 INFO  [Log] 选择【抵押情况】信息 
2016-02-02 15:08:58,364 INFO  [Log] 选择【期望售价】信息 
2016-02-02 15:09:01,447 INFO  [Log] 选择【申请人姓名】信息 
2016-02-02 15:09:04,602 INFO  [Log] 选择【身份证号码】信息 
2016-02-02 15:09:07,820 INFO  [Log] 选择【联系电话】信息 
2016-02-02 15:09:11,297 INFO  [Log] 选择【是否是中介推荐】信息 
2016-02-02 15:09:11,495 INFO  [Log] 输入【好房专员】信息 
2016-02-02 15:09:11,636 INFO  [Log] 点击按钮【下一步，上传资料】 
2016-02-02 15:09:11,636 INFO  [Log] e 房钱申请提交成功 
2016-02-02 15:09:13,278 INFO  [Log] 关闭浏览器 
2016-02-02 15:51:38,234 INFO  [Log] **************************************************************************************** 
2016-02-02 15:51:38,235 INFO  [Log] **************************************************************************************** 
2016-02-02 15:51:38,235 INFO  [Log] $$$$$$$$$$$$$$$$$$$$$                 Selenium_Test_001       $$$$$$$$$$$$$$$$$$$$$$$$$ 
2016-02-02 15:51:38,235 INFO  [Log] **************************************************************************************** 
2016-02-02 15:51:38,237 INFO  [Log] **************************************************************************************** 
2016-02-02 15:51:39,423 INFO  [Log]  打开Excel表格 
2016-02-02 15:51:43,600 INFO  [Log] New driver 初始化 
2016-02-02 15:51:43,606 INFO  [Log] 等待10秒 
2016-02-02 15:51:55,682 INFO  [Log] 点击首页好房金融tab页 
2016-02-02 15:51:57,286 INFO  [Log] 在好房金融弹出下拉框选择e房钱  
2016-02-02 15:51:57,328 INFO  [Log] 进入e 房钱首页 
2016-02-02 15:51:57,595 INFO  [Log] 点击申请e房钱链接 
2016-02-02 15:52:02,507 INFO  [Log] 输入【小区名称】信息 
2016-02-02 15:52:05,719 INFO  [Log] 输入【物业地址】信息 
2016-02-02 15:52:08,891 INFO  [Log] 输入【产证面积】信息 
2016-02-02 15:52:12,399 INFO  [Log] 选择【抵押情况】信息 
2016-02-02 15:52:15,617 INFO  [Log] 选择【期望售价】信息 
2016-02-02 15:52:18,706 INFO  [Log] 选择【申请人姓名】信息 
2016-02-02 15:52:21,926 INFO  [Log] 选择【身份证号码】信息 
2016-02-02 15:52:25,191 INFO  [Log] 选择【联系电话】信息 
2016-02-02 15:52:28,578 INFO  [Log] 选择【是否是中介推荐】信息 
2016-02-02 15:52:28,795 INFO  [Log] 输入【好房专员】信息 
2016-02-02 15:52:29,006 INFO  [Log] 点击按钮【下一步，上传资料】 
2016-02-02 15:52:29,006 INFO  [Log] e 房钱申请提交成功 
2016-02-02 15:52:30,690 INFO  [Log] 关闭浏览器 
2016-02-02 15:53:57,593 INFO  [Log] **************************************************************************************** 
2016-02-02 15:53:57,594 INFO  [Log] **************************************************************************************** 
2016-02-02 15:53:57,594 INFO  [Log] $$$$$$$$$$$$$$$$$$$$$                 Selenium_Test_001       $$$$$$$$$$$$$$$$$$$$$$$$$ 
2016-02-02 15:53:57,594 INFO  [Log] **************************************************************************************** 
2016-02-02 15:53:57,594 INFO  [Log] **************************************************************************************** 
2016-02-02 15:53:58,506 INFO  [Log]  打开Excel表格 
2016-02-02 15:54:02,628 INFO  [Log] New driver 初始化 
2016-02-02 15:54:02,641 INFO  [Log] 等待10秒 
2016-02-02 15:54:15,713 INFO  [Log] 点击首页好房金融tab页 
2016-02-02 15:54:17,415 INFO  [Log] 在好房金融弹出下拉框选择e房钱  
2016-02-02 15:54:17,464 INFO  [Log] 进入e 房钱首页 
2016-02-02 15:54:17,728 INFO  [Log] 点击申请e房钱链接 
2016-02-02 15:54:22,326 INFO  [Log] 输入【小区名称】信息 
2016-02-02 15:54:25,502 INFO  [Log] 输入【物业地址】信息 
2016-02-02 15:54:28,651 INFO  [Log] 输入【产证面积】信息 
2016-02-02 15:54:31,795 INFO  [Log] 选择【抵押情况】信息 
2016-02-02 15:54:35,059 INFO  [Log] 选择【期望售价】信息 
2016-02-02 15:54:38,146 INFO  [Log] 选择【申请人姓名】信息 
2016-02-02 15:54:41,302 INFO  [Log] 选择【身份证号码】信息 
2016-02-02 15:54:44,529 INFO  [Log] 选择【联系电话】信息 
2016-02-02 15:54:47,727 INFO  [Log] 选择【是否是中介推荐】信息 
2016-02-02 15:54:47,856 INFO  [Log] 输入【好房专员】信息 
2016-02-02 15:54:47,987 INFO  [Log] 点击按钮【下一步，上传资料】 
2016-02-02 15:54:47,987 INFO  [Log] e 房钱申请提交成功 
2016-02-02 15:54:49,611 INFO  [Log] 关闭浏览器 
2016-02-15 11:34:47,415 INFO  [Log] **************************************************************************************** 
2016-02-15 11:34:47,432 INFO  [Log] **************************************************************************************** 
2016-02-15 11:34:47,432 INFO  [Log] $$$$$$$$$$$$$$$$$$$$$                 Selenium_Test_001       $$$$$$$$$$$$$$$$$$$$$$$$$ 
2016-02-15 11:34:47,432 INFO  [Log] **************************************************************************************** 
2016-02-15 11:34:47,432 INFO  [Log] **************************************************************************************** 
2016-02-15 11:34:48,265 INFO  [Log]  打开Excel表格 
2016-02-15 11:34:51,440 INFO  [Log] New driver 初始化 
2016-02-15 11:34:51,445 INFO  [Log] 等待10秒 
2016-02-15 11:35:01,898 INFO  [Log] 点击首页好房金融tab页 
2016-02-15 11:35:03,235 INFO  [Log] 在好房金融弹出下拉框选择e房钱  
2016-02-15 11:35:03,272 INFO  [Log] 进入e 房钱首页 
2016-02-15 11:35:03,469 INFO  [Log] 点击申请e房钱链接 
2016-02-15 11:35:08,385 INFO  [Log] 输入【小区名称】信息 
2016-02-15 11:35:11,524 INFO  [Log] 输入【物业地址】信息 
2016-02-15 11:35:14,648 INFO  [Log] 输入【产证面积】信息 
2016-02-15 11:35:17,718 INFO  [Log] 选择【抵押情况】信息 
2016-02-15 11:35:20,855 INFO  [Log] 选择【期望售价】信息 
2016-02-15 11:35:23,924 INFO  [Log] 选择【申请人姓名】信息 
2016-02-15 11:35:27,066 INFO  [Log] 选择【身份证号码】信息 
2016-02-15 11:35:30,253 INFO  [Log] 选择【联系电话】信息 
2016-02-15 11:35:33,430 INFO  [Log] 选择【是否是中介推荐】信息 
2016-02-15 11:35:33,546 INFO  [Log] 输入【好房专员】信息 
2016-02-15 11:35:33,649 INFO  [Log] 点击按钮【下一步，上传资料】 
2016-02-15 11:35:33,649 INFO  [Log] e 房钱申请提交成功 
2016-02-15 11:35:35,316 INFO  [Log] 关闭浏览器 
2016-02-16 11:41:45,092 INFO  [Log] **************************************************************************************** 
2016-02-16 11:41:45,098 INFO  [Log] **************************************************************************************** 
2016-02-16 11:41:45,098 INFO  [Log] $$$$$$$$$$$$$$$$$$$$$                 Selenium_Test_001       $$$$$$$$$$$$$$$$$$$$$$$$$ 
2016-02-16 11:41:45,098 INFO  [Log] **************************************************************************************** 
2016-02-16 11:41:45,099 INFO  [Log] **************************************************************************************** 
2016-02-16 11:41:46,018 INFO  [Log]  打开Excel表格 
2016-02-16 11:41:51,506 INFO  [Log] New driver 初始化 
2016-02-16 11:41:51,511 INFO  [Log] 等待10秒 
2016-02-16 11:42:10,124 INFO  [Log] 点击首页好房金融tab页 
2016-02-16 11:42:11,618 INFO  [Log] 在好房金融弹出下拉框选择e房钱  
2016-02-16 11:42:11,726 INFO  [Log] 进入e 房钱首页 
2016-02-16 11:42:23,404 INFO  [Log] 关闭浏览器 
2016-02-19 10:55:53,131 INFO  [Log] **************************************************************************************** 
2016-02-19 10:55:53,148 INFO  [Log] **************************************************************************************** 
2016-02-19 10:55:53,148 INFO  [Log] $$$$$$$$$$$$$$$$$$$$$                 Selenium_Test_001       $$$$$$$$$$$$$$$$$$$$$$$$$ 
2016-02-19 10:55:53,148 INFO  [Log] **************************************************************************************** 
2016-02-19 10:55:53,148 INFO  [Log] **************************************************************************************** 
2016-02-19 10:55:54,051 INFO  [Log]  打开Excel表格 
2016-02-19 10:56:02,190 INFO  [Log] New driver 初始化 
2016-02-19 10:56:02,196 INFO  [Log] 等待10秒 
2016-02-19 10:56:17,399 INFO  [Log] 点击首页好房金融tab页 
2016-02-19 10:56:18,696 INFO  [Log] 在好房金融弹出下拉框选择e房钱  
2016-02-19 10:56:18,755 INFO  [Log] 进入e 房钱首页 
2016-02-19 10:56:18,961 INFO  [Log] 点击申请e房钱链接 
2016-02-19 10:56:23,692 INFO  [Log] 输入【小区名称】信息 
2016-02-19 10:56:26,854 INFO  [Log] 输入【物业地址】信息 
2016-02-19 10:56:30,106 INFO  [Log] 输入【产证面积】信息 
2016-02-19 10:56:33,296 INFO  [Log] 选择【抵押情况】信息 
2016-02-19 10:56:36,469 INFO  [Log] 选择【期望售价】信息 
2016-02-19 10:56:39,545 INFO  [Log] 选择【申请人姓名】信息 
2016-02-19 10:56:42,676 INFO  [Log] 选择【身份证号码】信息 
2016-02-19 10:56:45,968 INFO  [Log] 选择【联系电话】信息 
2016-02-19 10:56:49,159 INFO  [Log] 选择【是否是中介推荐】信息 
2016-02-19 10:56:49,325 INFO  [Log] 输入【好房专员】信息 
2016-02-19 10:56:49,429 INFO  [Log] 点击按钮【下一步，上传资料】 
2016-02-19 10:56:49,430 INFO  [Log] e 房钱申请提交成功 
2016-02-19 10:56:51,256 INFO  [Log] 关闭浏览器 
2016-02-19 14:21:02,763 INFO  [Log] **************************************************************************************** 
2016-02-19 14:21:02,764 INFO  [Log] **************************************************************************************** 
2016-02-19 14:21:02,764 INFO  [Log] $$$$$$$$$$$$$$$$$$$$$                 Selenium_Test_001       $$$$$$$$$$$$$$$$$$$$$$$$$ 
2016-02-19 14:21:02,764 INFO  [Log] **************************************************************************************** 
2016-02-19 14:21:02,764 INFO  [Log] **************************************************************************************** 
2016-02-19 14:21:03,676 INFO  [Log]  打开Excel表格 
2016-02-19 14:21:10,566 INFO  [Log] New driver 初始化 
2016-02-19 14:21:10,576 INFO  [Log] 等待10秒 
2016-02-19 14:21:25,796 INFO  [Log] 点击首页好房金融tab页 
2016-02-19 14:21:27,389 INFO  [Log] 在好房金融弹出下拉框选择e房钱  
2016-02-19 14:21:27,433 INFO  [Log] 进入e 房钱首页 
2016-02-19 14:21:27,629 INFO  [Log] 点击申请e房钱链接 
2016-02-19 14:21:32,293 INFO  [Log] 输入【小区名称】信息 
2016-02-19 14:21:35,449 INFO  [Log] 输入【物业地址】信息 
2016-02-19 14:21:38,575 INFO  [Log] 输入【产证面积】信息 
2016-02-19 14:21:41,729 INFO  [Log] 选择【抵押情况】信息 
2016-02-19 14:21:44,898 INFO  [Log] 选择【期望售价】信息 
2016-02-19 14:21:47,974 INFO  [Log] 选择【申请人姓名】信息 
2016-02-19 14:21:51,126 INFO  [Log] 选择【身份证号码】信息 
2016-02-19 14:21:54,298 INFO  [Log] 选择【联系电话】信息 
2016-02-19 14:21:57,495 INFO  [Log] 选择【是否是中介推荐】信息 
2016-02-19 14:21:57,629 INFO  [Log] 输入【好房专员】信息 
2016-02-19 14:21:57,707 INFO  [Log] 点击按钮【下一步，上传资料】 
2016-02-19 14:21:57,707 INFO  [Log] e 房钱申请提交成功 
2016-02-19 14:21:59,372 INFO  [Log] 关闭浏览器 
2016-02-19 14:42:16,078 INFO  [Log] **************************************************************************************** 
2016-02-19 14:42:16,079 INFO  [Log] **************************************************************************************** 
2016-02-19 14:42:16,079 INFO  [Log] $$$$$$$$$$$$$$$$$$$$$                 Selenium_Test_001       $$$$$$$$$$$$$$$$$$$$$$$$$ 
2016-02-19 14:42:16,090 INFO  [Log] **************************************************************************************** 
2016-02-19 14:42:16,090 INFO  [Log] **************************************************************************************** 
2016-02-19 14:42:17,180 INFO  [Log]  打开Excel表格 
2016-02-19 14:42:21,085 INFO  [Log] New driver 初始化 
2016-02-19 14:42:21,117 INFO  [Log] 等待10秒 
2016-02-19 14:42:32,479 INFO  [Log] 点击首页好房金融tab页 
2016-02-19 14:42:33,813 INFO  [Log] 在好房金融弹出下拉框选择e房钱  
2016-02-19 14:42:33,850 INFO  [Log] 进入e 房钱首页 
2016-02-19 14:42:34,015 INFO  [Log] 点击申请e房钱链接 
2016-02-19 14:42:38,998 INFO  [Log] 输入【小区名称】信息 
2016-02-19 14:42:42,177 INFO  [Log] 输入【物业地址】信息 
2016-02-19 14:42:45,316 INFO  [Log] 输入【产证面积】信息 
2016-02-19 14:42:48,450 INFO  [Log] 选择【抵押情况】信息 
2016-02-19 14:42:51,627 INFO  [Log] 选择【期望售价】信息 
2016-02-19 14:42:54,726 INFO  [Log] 选择【申请人姓名】信息 
2016-02-19 14:42:57,867 INFO  [Log] 选择【身份证号码】信息 
2016-02-19 14:43:01,058 INFO  [Log] 选择【联系电话】信息 
2016-02-19 14:43:04,244 INFO  [Log] 选择【是否是中介推荐】信息 
2016-02-19 14:43:04,377 INFO  [Log] 输入【好房专员】信息 
2016-02-19 14:43:04,490 INFO  [Log] 点击按钮【下一步，上传资料】 
2016-02-19 14:43:04,491 INFO  [Log] e 房钱申请提交成功 
2016-02-19 14:43:06,080 INFO  [Log] 关闭浏览器 
2016-02-19 14:45:40,724 INFO  [Log] **************************************************************************************** 
2016-02-19 14:45:40,725 INFO  [Log] **************************************************************************************** 
2016-02-19 14:45:40,725 INFO  [Log] $$$$$$$$$$$$$$$$$$$$$                 Selenium_Test_001       $$$$$$$$$$$$$$$$$$$$$$$$$ 
2016-02-19 14:45:40,725 INFO  [Log] **************************************************************************************** 
2016-02-19 14:45:40,725 INFO  [Log] **************************************************************************************** 
2016-02-19 14:45:41,794 INFO  [Log]  打开Excel表格 
2016-02-19 14:45:45,082 INFO  [Log] New driver 初始化 
2016-02-19 14:45:45,116 INFO  [Log] 等待10秒 
2016-02-19 14:45:58,909 INFO  [Log] 点击首页好房金融tab页 
2016-02-19 14:46:00,561 INFO  [Log] 在好房金融弹出下拉框选择e房钱  
2016-02-19 14:46:00,608 INFO  [Log] 进入e 房钱首页 
2016-02-19 14:46:00,723 INFO  [Log] 点击申请e房钱链接 
2016-02-19 14:46:12,413 INFO  [Log] 关闭浏览器 
2016-02-19 15:13:13,760 INFO  [Log] **************************************************************************************** 
2016-02-19 15:13:13,761 INFO  [Log] **************************************************************************************** 
2016-02-19 15:13:13,762 INFO  [Log] $$$$$$$$$$$$$$$$$$$$$                 Selenium_Test_001       $$$$$$$$$$$$$$$$$$$$$$$$$ 
2016-02-19 15:13:13,762 INFO  [Log] **************************************************************************************** 
2016-02-19 15:13:13,762 INFO  [Log] **************************************************************************************** 
2016-02-19 15:13:14,693 INFO  [Log]  打开Excel表格 
2016-02-19 15:13:18,160 INFO  [Log] New driver 初始化 
2016-02-19 15:13:18,198 INFO  [Log] 等待10秒 
2016-02-19 15:13:31,135 INFO  [Log] 点击首页好房金融tab页 
2016-02-19 15:13:32,453 INFO  [Log] 在好房金融弹出下拉框选择e房钱  
2016-02-19 15:13:32,490 INFO  [Log] 进入e 房钱首页 
2016-02-19 15:13:32,689 INFO  [Log] 点击申请e房钱链接 
2016-02-19 15:13:37,610 INFO  [Log] 输入【小区名称】信息 
2016-02-19 15:13:40,776 INFO  [Log] 输入【物业地址】信息 
2016-02-19 15:13:43,906 INFO  [Log] 输入【产证面积】信息 
2016-02-19 15:13:47,310 INFO  [Log] 选择【抵押情况】信息 
2016-02-19 15:13:50,517 INFO  [Log] 选择【期望售价】信息 
2016-02-19 15:13:53,579 INFO  [Log] 选择【申请人姓名】信息 
2016-02-19 15:13:56,724 INFO  [Log] 选择【身份证号码】信息 
2016-02-19 15:13:59,926 INFO  [Log] 选择【联系电话】信息 
2016-02-19 15:14:03,113 INFO  [Log] 选择【是否是中介推荐】信息 
2016-02-19 15:14:03,274 INFO  [Log] 输入【好房专员】信息 
2016-02-19 15:14:03,415 INFO  [Log] 点击按钮【下一步，上传资料】 
2016-02-19 15:14:03,415 INFO  [Log] e 房钱申请提交成功 
2016-02-19 15:14:04,989 INFO  [Log] 关闭浏览器 
2016-02-19 17:15:22,685 INFO  [Log] **************************************************************************************** 
2016-02-19 17:15:22,686 INFO  [Log] **************************************************************************************** 
2016-02-19 17:15:22,686 INFO  [Log] $$$$$$$$$$$$$$$$$$$$$                 Selenium_Test_001       $$$$$$$$$$$$$$$$$$$$$$$$$ 
2016-02-19 17:15:22,686 INFO  [Log] **************************************************************************************** 
2016-02-19 17:15:22,686 INFO  [Log] **************************************************************************************** 
2016-02-19 17:15:23,582 INFO  [Log]  打开Excel表格 
2016-02-19 17:15:26,966 INFO  [Log] New driver 初始化 
2016-02-19 17:15:26,974 INFO  [Log] 等待10秒 
2016-02-19 17:15:45,711 INFO  [Log] 退出登陆 
2016-02-23 10:13:03,179 INFO  [Log] **************************************************************************************** 
2016-02-23 10:13:03,180 INFO  [Log] **************************************************************************************** 
2016-02-23 10:13:03,180 INFO  [Log] $$$$$$$$$$$$$$$$$$$$$                 Selenium_Test_001       $$$$$$$$$$$$$$$$$$$$$$$$$ 
2016-02-23 10:13:03,180 INFO  [Log] **************************************************************************************** 
2016-02-23 10:13:03,181 INFO  [Log] **************************************************************************************** 
2016-02-23 10:13:04,236 INFO  [Log]  打开Excel表格 
2016-02-23 10:13:07,696 INFO  [Log] New driver 初始化 
2016-02-23 10:13:07,742 INFO  [Log] 等待10秒 
2016-02-23 10:13:24,675 INFO  [Log] 退出登陆 
2016-02-23 10:41:59,338 INFO  [Log] **************************************************************************************** 
2016-02-23 10:41:59,339 INFO  [Log] **************************************************************************************** 
2016-02-23 10:41:59,339 INFO  [Log] $$$$$$$$$$$$$$$$$$$$$                 Selenium_Test_001       $$$$$$$$$$$$$$$$$$$$$$$$$ 
2016-02-23 10:41:59,339 INFO  [Log] **************************************************************************************** 
2016-02-23 10:41:59,339 INFO  [Log] **************************************************************************************** 
2016-02-23 10:42:00,240 INFO  [Log]  打开Excel表格 
2016-02-23 10:42:03,899 INFO  [Log] New driver 初始化 
2016-02-23 10:42:03,916 INFO  [Log] 等待10秒 
2016-02-23 10:42:12,225 INFO  [Log] 点击首页好房金融tab页 
2016-02-23 10:42:14,477 INFO  [Log] 在好房金融弹出下拉框选择e房钱  
2016-02-23 10:42:14,590 INFO  [Log] 进入e 房钱首页 
2016-02-23 10:42:20,333 INFO  [Log] 关闭浏览器 
2016-02-23 10:48:26,620 INFO  [Log] **************************************************************************************** 
2016-02-23 10:48:26,621 INFO  [Log] **************************************************************************************** 
2016-02-23 10:48:26,621 INFO  [Log] $$$$$$$$$$$$$$$$$$$$$                 Selenium_Test_001       $$$$$$$$$$$$$$$$$$$$$$$$$ 
2016-02-23 10:48:26,621 INFO  [Log] **************************************************************************************** 
2016-02-23 10:48:26,621 INFO  [Log] **************************************************************************************** 
2016-02-23 10:48:27,836 INFO  [Log]  打开Excel表格 
2016-02-23 10:48:31,363 INFO  [Log] New driver 初始化 
2016-02-23 10:48:31,414 INFO  [Log] 等待10秒 
2016-02-23 10:48:38,000 INFO  [Log] 点击首页好房金融tab页 
2016-02-23 10:48:39,212 INFO  [Log] 在好房金融弹出下拉框选择e房钱  
2016-02-23 10:48:39,275 INFO  [Log] 进入e 房钱首页 
2016-02-23 10:48:39,547 INFO  [Log] 点击申请e房钱链接 
2016-02-23 10:48:44,508 INFO  [Log] 输入【小区名称】信息 
2016-02-23 10:48:47,662 INFO  [Log] 输入【物业地址】信息 
2016-02-23 10:48:50,785 INFO  [Log] 输入【产证面积】信息 
2016-02-23 10:48:53,922 INFO  [Log] 选择【抵押情况】信息 
2016-02-23 10:48:57,082 INFO  [Log] 选择【期望售价】信息 
2016-02-23 10:49:00,146 INFO  [Log] 选择【申请人姓名】信息 
2016-02-23 10:49:03,437 INFO  [Log] 选择【身份证号码】信息 
2016-02-23 10:49:06,624 INFO  [Log] 选择【联系电话】信息 
2016-02-23 10:49:09,813 INFO  [Log] 选择【是否是中介推荐】信息 
2016-02-23 10:49:09,937 INFO  [Log] 输入【好房专员】信息 
2016-02-23 10:49:10,050 INFO  [Log] 点击按钮【下一步，上传资料】 
2016-02-23 10:49:10,051 INFO  [Log] e 房钱申请提交成功 
2016-02-23 10:49:11,549 INFO  [Log] 关闭浏览器 
2016-02-23 11:30:49,808 INFO  [Log] **************************************************************************************** 
2016-02-23 11:30:49,809 INFO  [Log] **************************************************************************************** 
2016-02-23 11:30:49,809 INFO  [Log] $$$$$$$$$$$$$$$$$$$$$                 Selenium_Test_001       $$$$$$$$$$$$$$$$$$$$$$$$$ 
2016-02-23 11:30:49,809 INFO  [Log] **************************************************************************************** 
2016-02-23 11:30:49,809 INFO  [Log] **************************************************************************************** 
2016-02-23 11:30:50,792 INFO  [Log]  打开Excel表格 
2016-02-23 11:30:54,569 INFO  [Log] New driver 初始化 
2016-02-23 11:30:54,580 INFO  [Log] 等待10秒 
2016-02-23 11:31:01,724 INFO  [Log] 点击首页好房金融tab页 
2016-02-23 11:31:03,083 INFO  [Log] 在好房金融弹出下拉框选择e房钱  
2016-02-23 11:31:03,149 INFO  [Log] 进入e 房钱首页 
2016-02-23 11:31:03,504 INFO  [Log] 点击申请e房钱链接 
2016-02-23 11:31:05,506 INFO  [Log] 关闭浏览器 
2016-02-23 11:31:54,392 INFO  [Log] **************************************************************************************** 
2016-02-23 11:31:54,393 INFO  [Log] **************************************************************************************** 
2016-02-23 11:31:54,394 INFO  [Log] $$$$$$$$$$$$$$$$$$$$$                 Selenium_Test_001       $$$$$$$$$$$$$$$$$$$$$$$$$ 
2016-02-23 11:31:54,394 INFO  [Log] **************************************************************************************** 
2016-02-23 11:31:54,394 INFO  [Log] **************************************************************************************** 
2016-02-23 11:31:55,482 INFO  [Log]  打开Excel表格 
2016-02-23 11:31:58,896 INFO  [Log] New driver 初始化 
2016-02-23 11:31:58,919 INFO  [Log] 等待10秒 
2016-02-23 11:32:06,539 INFO  [Log] 点击首页好房金融tab页 
2016-02-23 11:32:07,825 INFO  [Log] 在好房金融弹出下拉框选择e房钱  
2016-02-23 11:32:07,870 INFO  [Log] 进入e 房钱首页 
2016-02-23 11:32:08,053 INFO  [Log] 点击申请e房钱链接 
2016-02-23 11:32:13,471 INFO  [Log] 输入【小区名称】信息 
2016-02-23 11:32:16,619 INFO  [Log] 输入【物业地址】信息 
2016-02-23 11:32:19,747 INFO  [Log] 输入【产证面积】信息 
2016-02-23 11:32:23,005 INFO  [Log] 选择【抵押情况】信息 
2016-02-23 11:32:26,197 INFO  [Log] 选择【期望售价】信息 
2016-02-23 11:32:29,260 INFO  [Log] 选择【申请人姓名】信息 
2016-02-23 11:32:32,426 INFO  [Log] 选择【身份证号码】信息 
2016-02-23 11:32:35,632 INFO  [Log] 选择【联系电话】信息 
2016-02-23 11:32:38,811 INFO  [Log] 选择【是否是中介推荐】信息 
2016-02-23 11:32:38,938 INFO  [Log] 输入【好房专员】信息 
2016-02-23 11:32:39,080 INFO  [Log] 点击按钮【下一步，上传资料】 
2016-02-23 11:32:39,080 INFO  [Log] e 房钱申请提交成功 
2016-02-23 11:32:40,736 INFO  [Log] 关闭浏览器 
2016-02-23 16:57:55,978 INFO  [Log] **************************************************************************************** 
2016-02-23 16:57:55,979 INFO  [Log] **************************************************************************************** 
2016-02-23 16:57:55,979 INFO  [Log] $$$$$$$$$$$$$$$$$$$$$                 Selenium_Test_001       $$$$$$$$$$$$$$$$$$$$$$$$$ 
2016-02-23 16:57:55,979 INFO  [Log] **************************************************************************************** 
2016-02-23 16:57:55,979 INFO  [Log] **************************************************************************************** 
2016-02-23 16:57:56,856 INFO  [Log]  打开Excel表格 
2016-02-23 16:58:00,617 INFO  [Log] New driver 初始化 
2016-02-23 16:58:00,626 INFO  [Log] 等待10秒 
2016-02-23 16:58:07,953 INFO  [Log] 点击首页好房金融tab页 
2016-02-23 16:58:09,135 INFO  [Log] 在好房金融弹出下拉框选择e房钱  
2016-02-23 16:58:09,168 INFO  [Log] 进入e 房钱首页 
2016-02-23 16:58:09,342 INFO  [Log] 点击申请e房钱链接 
2016-02-23 16:58:14,503 INFO  [Log] 输入【小区名称】信息 
2016-02-23 16:58:17,661 INFO  [Log] 输入【物业地址】信息 
2016-02-23 16:58:29,173 INFO  [Log] 关闭浏览器 
2016-02-23 17:44:50,634 INFO  [Log] **************************************************************************************** 
2016-02-23 17:44:50,635 INFO  [Log] **************************************************************************************** 
2016-02-23 17:44:50,635 INFO  [Log] $$$$$$$$$$$$$$$$$$$$$                 Selenium_Test_001       $$$$$$$$$$$$$$$$$$$$$$$$$ 
2016-02-23 17:44:50,635 INFO  [Log] **************************************************************************************** 
2016-02-23 17:44:50,635 INFO  [Log] **************************************************************************************** 
2016-02-23 17:44:51,558 INFO  [Log]  打开Excel表格 
2016-02-23 17:44:54,737 INFO  [Log] New driver 初始化 
2016-02-23 17:44:54,744 INFO  [Log] 等待10秒 
2016-02-23 17:45:13,080 INFO  [Log] 关闭浏览器 
2016-02-23 17:47:10,227 INFO  [Log] **************************************************************************************** 
2016-02-23 17:47:10,228 INFO  [Log] **************************************************************************************** 
2016-02-23 17:47:10,228 INFO  [Log] $$$$$$$$$$$$$$$$$$$$$                 Selenium_Test_001       $$$$$$$$$$$$$$$$$$$$$$$$$ 
2016-02-23 17:47:10,228 INFO  [Log] **************************************************************************************** 
2016-02-23 17:47:10,228 INFO  [Log] **************************************************************************************** 
2016-02-23 17:47:11,100 INFO  [Log]  打开Excel表格 
2016-02-23 17:47:14,610 INFO  [Log] New driver 初始化 
2016-02-23 17:47:14,618 INFO  [Log] 等待10秒 
2016-02-23 17:47:33,219 INFO  [Log] 关闭浏览器 
2016-02-23 18:03:34,734 INFO  [Log] **************************************************************************************** 
2016-02-23 18:03:34,735 INFO  [Log] **************************************************************************************** 
2016-02-23 18:03:34,735 INFO  [Log] $$$$$$$$$$$$$$$$$$$$$                 Selenium_Test_001       $$$$$$$$$$$$$$$$$$$$$$$$$ 
2016-02-23 18:03:34,735 INFO  [Log] **************************************************************************************** 
2016-02-23 18:03:34,735 INFO  [Log] **************************************************************************************** 
2016-02-23 18:03:35,601 INFO  [Log]  打开Excel表格 
2016-02-23 18:03:38,358 INFO  [Log] New driver 初始化 
2016-02-23 18:03:38,438 INFO  [Log] 等待10秒 
2016-02-23 18:03:45,534 INFO  [Log] 点击首页好房金融tab页 
2016-02-23 18:03:46,494 INFO  [Log] 在好房金融弹出下拉框选择e房钱  
2016-02-23 18:03:53,336 INFO  [Log] 输入【小区名称】信息 
2016-02-23 18:03:56,500 INFO  [Log] 输入【物业地址】信息 
2016-02-23 18:04:08,056 INFO  [Log] 关闭浏览器 
2016-02-23 18:09:19,531 INFO  [Log] **************************************************************************************** 
2016-02-23 18:09:19,532 INFO  [Log] **************************************************************************************** 
2016-02-23 18:09:19,533 INFO  [Log] $$$$$$$$$$$$$$$$$$$$$                 Selenium_Test_001       $$$$$$$$$$$$$$$$$$$$$$$$$ 
2016-02-23 18:09:19,533 INFO  [Log] **************************************************************************************** 
2016-02-23 18:09:19,533 INFO  [Log] **************************************************************************************** 
2016-02-23 18:09:20,408 INFO  [Log]  打开Excel表格 
2016-02-23 18:09:23,650 INFO  [Log] New driver 初始化 
2016-02-23 18:09:23,700 INFO  [Log] 等待10秒 
2016-02-23 18:09:30,834 INFO  [Log] 点击首页好房金融tab页 
2016-02-23 18:09:31,833 INFO  [Log] 在好房金融弹出下拉框选择e房钱  
2016-02-23 18:09:38,751 INFO  [Log] 输入【小区名称】信息 
2016-02-23 18:09:41,896 INFO  [Log] 输入【物业地址】信息 
2016-02-23 18:09:53,472 INFO  [Log] 关闭浏览器 
2016-02-23 18:12:08,105 INFO  [Log] **************************************************************************************** 
2016-02-23 18:12:08,106 INFO  [Log] **************************************************************************************** 
2016-02-23 18:12:08,106 INFO  [Log] $$$$$$$$$$$$$$$$$$$$$                 Selenium_Test_001       $$$$$$$$$$$$$$$$$$$$$$$$$ 
2016-02-23 18:12:08,106 INFO  [Log] **************************************************************************************** 
2016-02-23 18:12:08,106 INFO  [Log] **************************************************************************************** 
2016-02-23 18:12:08,958 INFO  [Log]  打开Excel表格 
2016-02-23 18:12:12,669 INFO  [Log] New driver 初始化 
2016-02-23 18:12:12,678 INFO  [Log] 等待10秒 
2016-02-23 18:12:20,664 INFO  [Log] 点击首页好房金融tab页 
2016-02-23 18:12:21,615 INFO  [Log] 在好房金融弹出下拉框选择e房钱  
2016-02-23 18:12:28,494 INFO  [Log] 输入【小区名称】信息 
2016-02-23 18:12:31,660 INFO  [Log] 输入【物业地址】信息 
2016-02-23 18:12:34,801 INFO  [Log] 输入【产证面积】信息 
2016-02-23 18:12:37,954 INFO  [Log] 选择【抵押情况】信息 
2016-02-23 18:12:41,140 INFO  [Log] 选择【期望售价】信息 
2016-02-23 18:12:44,265 INFO  [Log] 选择【申请人姓名】信息 
2016-02-23 18:12:47,428 INFO  [Log] 选择【身份证号码】信息 
2016-02-23 18:12:50,615 INFO  [Log] 选择【联系电话】信息 
2016-02-23 18:12:53,780 INFO  [Log] 选择【是否是中介推荐】信息 
2016-02-23 18:12:53,912 INFO  [Log] 输入【好房专员】信息 
2016-02-23 18:12:54,028 INFO  [Log] 点击按钮【下一步，上传资料】 
2016-02-23 18:12:54,028 INFO  [Log] e 房钱申请提交成功 
2016-02-23 18:12:55,551 INFO  [Log] 关闭浏览器 
2016-04-04 09:36:13,447 INFO  [Log] **************************************************************************************** 
2016-04-04 09:36:13,447 INFO  [Log] **************************************************************************************** 
2016-04-04 09:36:13,447 INFO  [Log] $$$$$$$$$$$$$$$$$$$$$                 Selenium_Test_001       $$$$$$$$$$$$$$$$$$$$$$$$$ 
2016-04-04 09:36:13,447 INFO  [Log] **************************************************************************************** 
2016-04-04 09:36:13,447 INFO  [Log] **************************************************************************************** 
2016-04-04 09:36:14,897 INFO  [Log]  打开Excel表格 
2016-04-04 09:36:25,515 INFO  [Log] New driver 初始化 
2016-04-04 09:36:25,528 INFO  [Log] 等待10秒 
2016-04-04 09:36:39,517 INFO  [Log] 关闭浏览器 
2016-04-04 16:08:12,841 INFO  [Log] **************************************************************************************** 
2016-04-04 16:08:12,843 INFO  [Log] **************************************************************************************** 
2016-04-04 16:08:12,843 INFO  [Log] $$$$$$$$$$$$$$$$$$$$$                 Selenium_Test_001       $$$$$$$$$$$$$$$$$$$$$$$$$ 
2016-04-04 16:08:12,843 INFO  [Log] **************************************************************************************** 
2016-04-04 16:08:12,843 INFO  [Log] **************************************************************************************** 
2016-04-04 16:08:13,896 INFO  [Log]  打开Excel表格 
2016-04-04 16:08:17,713 INFO  [Log] New driver 初始化 
2016-04-04 16:08:17,806 INFO  [Log] 等待10秒 
2016-04-04 16:12:52,326 INFO  [Log] **************************************************************************************** 
2016-04-04 16:12:52,327 INFO  [Log] **************************************************************************************** 
2016-04-04 16:12:52,327 INFO  [Log] $$$$$$$$$$$$$$$$$$$$$                 Selenium_Test_001       $$$$$$$$$$$$$$$$$$$$$$$$$ 
2016-04-04 16:12:52,327 INFO  [Log] **************************************************************************************** 
2016-04-04 16:12:52,327 INFO  [Log] **************************************************************************************** 
2016-04-04 16:12:53,567 INFO  [Log]  打开Excel表格 
2016-04-04 16:12:57,467 INFO  [Log] New driver 初始化 
2016-04-04 16:12:57,496 INFO  [Log] 等待10秒 
2016-04-04 16:15:13,545 INFO  [Log] **************************************************************************************** 
2016-04-04 16:15:13,546 INFO  [Log] **************************************************************************************** 
2016-04-04 16:15:13,546 INFO  [Log] $$$$$$$$$$$$$$$$$$$$$                 Selenium_Test_001       $$$$$$$$$$$$$$$$$$$$$$$$$ 
2016-04-04 16:15:13,546 INFO  [Log] **************************************************************************************** 
2016-04-04 16:15:13,546 INFO  [Log] **************************************************************************************** 
2016-04-04 16:15:14,529 INFO  [Log]  打开Excel表格 
2016-04-04 16:15:19,497 INFO  [Log] New driver 初始化 
2016-04-04 16:15:19,507 INFO  [Log] 等待10秒 
2016-04-04 16:18:38,587 INFO  [Log] **************************************************************************************** 
2016-04-04 16:18:38,588 INFO  [Log] **************************************************************************************** 
2016-04-04 16:18:38,588 INFO  [Log] $$$$$$$$$$$$$$$$$$$$$                 Selenium_Test_001       $$$$$$$$$$$$$$$$$$$$$$$$$ 
2016-04-04 16:18:38,588 INFO  [Log] **************************************************************************************** 
2016-04-04 16:18:38,588 INFO  [Log] **************************************************************************************** 
2016-04-04 16:18:40,155 INFO  [Log]  打开Excel表格 
2016-04-04 16:18:44,378 INFO  [Log] New driver 初始化 
2016-04-04 16:18:44,410 INFO  [Log] 等待10秒 
2016-04-04 16:27:32,152 INFO  [Log] **************************************************************************************** 
2016-04-04 16:27:32,153 INFO  [Log] **************************************************************************************** 
2016-04-04 16:27:32,154 INFO  [Log] $$$$$$$$$$$$$$$$$$$$$                 Selenium_Test_001       $$$$$$$$$$$$$$$$$$$$$$$$$ 
2016-04-04 16:27:32,154 INFO  [Log] **************************************************************************************** 
2016-04-04 16:27:32,155 INFO  [Log] **************************************************************************************** 
2016-04-04 16:27:33,442 INFO  [Log]  打开Excel表格 
2016-04-04 16:27:37,949 INFO  [Log] New driver 初始化 
2016-04-04 16:27:37,988 INFO  [Log] 等待10秒 
2016-04-04 16:28:28,448 INFO  [Log] **************************************************************************************** 
2016-04-04 16:28:28,449 INFO  [Log] **************************************************************************************** 
2016-04-04 16:28:28,449 INFO  [Log] $$$$$$$$$$$$$$$$$$$$$                 Selenium_Test_001       $$$$$$$$$$$$$$$$$$$$$$$$$ 
2016-04-04 16:28:28,450 INFO  [Log] **************************************************************************************** 
2016-04-04 16:28:28,450 INFO  [Log] **************************************************************************************** 
2016-04-04 16:28:29,490 INFO  [Log]  打开Excel表格 
2016-04-04 16:28:33,560 INFO  [Log] New driver 初始化 
2016-04-04 16:28:33,574 INFO  [Log] 等待10秒 
2016-04-04 16:29:49,055 INFO  [Log] **************************************************************************************** 
2016-04-04 16:29:49,056 INFO  [Log] **************************************************************************************** 
2016-04-04 16:29:49,056 INFO  [Log] $$$$$$$$$$$$$$$$$$$$$                 Selenium_Test_001       $$$$$$$$$$$$$$$$$$$$$$$$$ 
2016-04-04 16:29:49,056 INFO  [Log] **************************************************************************************** 
2016-04-04 16:29:49,056 INFO  [Log] **************************************************************************************** 
2016-04-04 16:29:49,902 INFO  [Log]  打开Excel表格 
2016-04-04 16:29:54,610 INFO  [Log] New driver 初始化 
2016-04-04 16:29:54,617 INFO  [Log] 等待10秒 
2016-04-04 16:31:42,471 INFO  [Log] **************************************************************************************** 
2016-04-04 16:31:42,472 INFO  [Log] **************************************************************************************** 
2016-04-04 16:31:42,472 INFO  [Log] $$$$$$$$$$$$$$$$$$$$$                 Selenium_Test_001       $$$$$$$$$$$$$$$$$$$$$$$$$ 
2016-04-04 16:31:42,472 INFO  [Log] **************************************************************************************** 
2016-04-04 16:31:42,472 INFO  [Log] **************************************************************************************** 
2016-04-04 16:31:43,674 INFO  [Log]  打开Excel表格 
2016-04-04 16:31:47,785 INFO  [Log] New driver 初始化 
2016-04-04 16:32:29,747 INFO  [Log] **************************************************************************************** 
2016-04-04 16:32:29,748 INFO  [Log] **************************************************************************************** 
2016-04-04 16:32:29,748 INFO  [Log] $$$$$$$$$$$$$$$$$$$$$                 Selenium_Test_001       $$$$$$$$$$$$$$$$$$$$$$$$$ 
2016-04-04 16:32:29,748 INFO  [Log] **************************************************************************************** 
2016-04-04 16:32:29,748 INFO  [Log] **************************************************************************************** 
2016-04-04 16:32:30,705 INFO  [Log]  打开Excel表格 
2016-04-04 16:32:34,526 INFO  [Log] New driver 初始化 
2016-04-04 16:32:34,533 INFO  [Log] 等待10秒 
2016-04-04 16:33:26,032 INFO  [Log] **************************************************************************************** 
2016-04-04 16:33:26,033 INFO  [Log] **************************************************************************************** 
2016-04-04 16:33:26,033 INFO  [Log] $$$$$$$$$$$$$$$$$$$$$                 Selenium_Test_001       $$$$$$$$$$$$$$$$$$$$$$$$$ 
2016-04-04 16:33:26,033 INFO  [Log] **************************************************************************************** 
2016-04-04 16:33:26,033 INFO  [Log] **************************************************************************************** 
2016-04-04 16:33:27,423 INFO  [Log]  打开Excel表格 
2016-04-04 16:33:32,216 INFO  [Log] New driver 初始化 
2016-04-04 16:33:32,308 INFO  [Log] 等待10秒 
2016-04-04 16:34:31,903 INFO  [Log] **************************************************************************************** 
2016-04-04 16:34:31,904 INFO  [Log] **************************************************************************************** 
2016-04-04 16:34:31,904 INFO  [Log] $$$$$$$$$$$$$$$$$$$$$                 Selenium_Test_001       $$$$$$$$$$$$$$$$$$$$$$$$$ 
2016-04-04 16:34:31,904 INFO  [Log] **************************************************************************************** 
2016-04-04 16:34:31,904 INFO  [Log] **************************************************************************************** 
2016-04-04 16:34:33,756 INFO  [Log]  打开Excel表格 
2016-04-04 16:34:37,581 INFO  [Log] New driver 初始化 
2016-04-04 16:34:37,605 INFO  [Log] 等待10秒 
2016-04-04 16:39:08,419 INFO  [Log] **************************************************************************************** 
2016-04-04 16:39:08,420 INFO  [Log] **************************************************************************************** 
2016-04-04 16:39:08,420 INFO  [Log] $$$$$$$$$$$$$$$$$$$$$                 Selenium_Test_001       $$$$$$$$$$$$$$$$$$$$$$$$$ 
2016-04-04 16:39:08,420 INFO  [Log] **************************************************************************************** 
2016-04-04 16:39:08,420 INFO  [Log] **************************************************************************************** 
2016-04-04 16:39:09,433 INFO  [Log]  打开Excel表格 
2016-04-04 16:39:14,307 INFO  [Log] New driver 初始化 
2016-04-04 16:39:14,321 INFO  [Log] 等待10秒 
2016-04-04 16:40:39,225 INFO  [Log] **************************************************************************************** 
2016-04-04 16:40:39,226 INFO  [Log] **************************************************************************************** 
2016-04-04 16:40:39,226 INFO  [Log] $$$$$$$$$$$$$$$$$$$$$                 Selenium_Test_001       $$$$$$$$$$$$$$$$$$$$$$$$$ 
2016-04-04 16:40:39,226 INFO  [Log] **************************************************************************************** 
2016-04-04 16:40:39,226 INFO  [Log] **************************************************************************************** 
2016-04-04 16:40:40,105 INFO  [Log]  打开Excel表格 
2016-04-04 16:40:44,736 INFO  [Log] New driver 初始化 
2016-04-04 16:40:44,810 INFO  [Log] 等待10秒 
2016-04-04 16:43:05,687 INFO  [Log] **************************************************************************************** 
2016-04-04 16:43:05,688 INFO  [Log] **************************************************************************************** 
2016-04-04 16:43:05,689 INFO  [Log] $$$$$$$$$$$$$$$$$$$$$                 Selenium_Test_001       $$$$$$$$$$$$$$$$$$$$$$$$$ 
2016-04-04 16:43:05,689 INFO  [Log] **************************************************************************************** 
2016-04-04 16:43:05,689 INFO  [Log] **************************************************************************************** 
2016-04-04 16:43:06,588 INFO  [Log]  打开Excel表格 
2016-04-04 16:43:10,499 INFO  [Log] New driver 初始化 
2016-04-04 16:43:10,549 INFO  [Log] 等待10秒 
2016-04-04 16:43:16,770 INFO  [Log] 登陆成功 
2016-04-04 16:43:21,035 INFO  [Log] 退出登陆 
2016-04-04 16:51:24,610 INFO  [Log] **************************************************************************************** 
2016-04-04 16:51:24,611 INFO  [Log] **************************************************************************************** 
2016-04-04 16:51:24,611 INFO  [Log] $$$$$$$$$$$$$$$$$$$$$                 Selenium_Test_001       $$$$$$$$$$$$$$$$$$$$$$$$$ 
2016-04-04 16:51:24,611 INFO  [Log] **************************************************************************************** 
2016-04-04 16:51:24,611 INFO  [Log] **************************************************************************************** 
2016-04-04 16:51:25,481 INFO  [Log]  打开Excel表格 
2016-04-04 16:51:29,133 INFO  [Log] New driver 初始化 
2016-04-04 16:51:29,139 INFO  [Log] 等待10秒 
2016-04-04 16:52:20,601 INFO  [Log] **************************************************************************************** 
2016-04-04 16:52:20,602 INFO  [Log] **************************************************************************************** 
2016-04-04 16:52:20,602 INFO  [Log] $$$$$$$$$$$$$$$$$$$$$                 Selenium_Test_001       $$$$$$$$$$$$$$$$$$$$$$$$$ 
2016-04-04 16:52:20,602 INFO  [Log] **************************************************************************************** 
2016-04-04 16:52:20,602 INFO  [Log] **************************************************************************************** 
2016-04-04 16:52:21,471 INFO  [Log]  打开Excel表格 
2016-04-04 16:52:25,237 INFO  [Log] New driver 初始化 
2016-04-04 16:52:25,266 INFO  [Log] 等待10秒 
2016-04-04 17:01:44,463 INFO  [Log] **************************************************************************************** 
2016-04-04 17:01:44,464 INFO  [Log] **************************************************************************************** 
2016-04-04 17:01:44,464 INFO  [Log] $$$$$$$$$$$$$$$$$$$$$                 Selenium_Test_001       $$$$$$$$$$$$$$$$$$$$$$$$$ 
2016-04-04 17:01:44,464 INFO  [Log] **************************************************************************************** 
2016-04-04 17:01:44,464 INFO  [Log] **************************************************************************************** 
2016-04-04 17:01:45,365 INFO  [Log]  打开Excel表格 
2016-04-04 17:01:49,398 INFO  [Log] New driver 初始化 
2016-04-04 17:01:49,406 INFO  [Log] 等待10秒 
2016-04-04 17:03:00,801 INFO  [Log] **************************************************************************************** 
2016-04-04 17:03:00,802 INFO  [Log] **************************************************************************************** 
2016-04-04 17:03:00,802 INFO  [Log] $$$$$$$$$$$$$$$$$$$$$                 Selenium_Test_001       $$$$$$$$$$$$$$$$$$$$$$$$$ 
2016-04-04 17:03:00,802 INFO  [Log] **************************************************************************************** 
2016-04-04 17:03:00,802 INFO  [Log] **************************************************************************************** 
2016-04-04 17:03:01,682 INFO  [Log]  打开Excel表格 
2016-04-04 17:03:05,575 INFO  [Log] New driver 初始化 
2016-04-04 17:03:05,644 INFO  [Log] 等待10秒 
2016-04-04 17:04:33,760 INFO  [Log] **************************************************************************************** 
2016-04-04 17:04:33,761 INFO  [Log] **************************************************************************************** 
2016-04-04 17:04:33,761 INFO  [Log] $$$$$$$$$$$$$$$$$$$$$                 Selenium_Test_001       $$$$$$$$$$$$$$$$$$$$$$$$$ 
2016-04-04 17:04:33,762 INFO  [Log] **************************************************************************************** 
2016-04-04 17:04:33,762 INFO  [Log] **************************************************************************************** 
2016-04-04 17:04:34,633 INFO  [Log]  打开Excel表格 
2016-04-04 17:04:37,980 INFO  [Log] New driver 初始化 
2016-04-04 17:04:38,082 INFO  [Log] 等待10秒 
2016-04-04 17:07:42,947 INFO  [Log] **************************************************************************************** 
2016-04-04 17:07:42,948 INFO  [Log] **************************************************************************************** 
2016-04-04 17:07:42,948 INFO  [Log] $$$$$$$$$$$$$$$$$$$$$                 Selenium_Test_001       $$$$$$$$$$$$$$$$$$$$$$$$$ 
2016-04-04 17:07:42,948 INFO  [Log] **************************************************************************************** 
2016-04-04 17:07:42,948 INFO  [Log] **************************************************************************************** 
2016-04-04 17:07:43,916 INFO  [Log]  打开Excel表格 
2016-04-04 17:07:47,595 INFO  [Log] New driver 初始化 
2016-04-04 17:07:47,634 INFO  [Log] 等待10秒 
2016-04-04 17:08:36,998 INFO  [Log] **************************************************************************************** 
2016-04-04 17:08:37,000 INFO  [Log] **************************************************************************************** 
2016-04-04 17:08:37,000 INFO  [Log] $$$$$$$$$$$$$$$$$$$$$                 Selenium_Test_001       $$$$$$$$$$$$$$$$$$$$$$$$$ 
2016-04-04 17:08:37,000 INFO  [Log] **************************************************************************************** 
2016-04-04 17:08:37,000 INFO  [Log] **************************************************************************************** 
2016-04-04 17:08:38,060 INFO  [Log]  打开Excel表格 
2016-04-04 17:08:41,610 INFO  [Log] New driver 初始化 
2016-04-04 17:08:41,636 INFO  [Log] 等待10秒 
2016-04-04 17:12:30,006 INFO  [Log] **************************************************************************************** 
2016-04-04 17:12:30,007 INFO  [Log] **************************************************************************************** 
2016-04-04 17:12:30,008 INFO  [Log] $$$$$$$$$$$$$$$$$$$$$                 Selenium_Test_001       $$$$$$$$$$$$$$$$$$$$$$$$$ 
2016-04-04 17:12:30,008 INFO  [Log] **************************************************************************************** 
2016-04-04 17:12:30,008 INFO  [Log] **************************************************************************************** 
2016-04-04 17:12:31,309 INFO  [Log]  打开Excel表格 
2016-04-04 17:12:35,280 INFO  [Log] New driver 初始化 
2016-04-04 17:12:35,305 INFO  [Log] 等待10秒 
2016-04-04 17:17:33,825 INFO  [Log] **************************************************************************************** 
2016-04-04 17:17:33,826 INFO  [Log] **************************************************************************************** 
2016-04-04 17:17:33,826 INFO  [Log] $$$$$$$$$$$$$$$$$$$$$                 Selenium_Test_001       $$$$$$$$$$$$$$$$$$$$$$$$$ 
2016-04-04 17:17:33,826 INFO  [Log] **************************************************************************************** 
2016-04-04 17:17:33,826 INFO  [Log] **************************************************************************************** 
2016-04-04 17:17:34,743 INFO  [Log]  打开Excel表格 
2016-04-04 17:17:42,350 INFO  [Log] New driver 初始化 
2016-04-04 17:17:42,372 INFO  [Log] 等待10秒 
2016-04-04 17:17:48,198 INFO  [Log] 登陆成功 
2016-04-04 17:17:52,050 INFO  [Log] 退出登陆 
2016-04-04 17:18:54,524 INFO  [Log] **************************************************************************************** 
2016-04-04 17:18:54,525 INFO  [Log] **************************************************************************************** 
2016-04-04 17:18:54,525 INFO  [Log] $$$$$$$$$$$$$$$$$$$$$                 Selenium_Test_001       $$$$$$$$$$$$$$$$$$$$$$$$$ 
2016-04-04 17:18:54,525 INFO  [Log] **************************************************************************************** 
2016-04-04 17:18:54,525 INFO  [Log] **************************************************************************************** 
2016-04-04 17:18:55,451 INFO  [Log]  打开Excel表格 
2016-04-04 17:19:02,539 INFO  [Log] New driver 初始化 
2016-04-04 17:19:02,556 INFO  [Log] 等待10秒 
2016-04-04 17:19:08,738 INFO  [Log] 登陆成功 
2016-04-04 17:19:12,902 INFO  [Log] 退出登陆 
2016-04-04 17:20:01,456 INFO  [Log] **************************************************************************************** 
2016-04-04 17:20:01,457 INFO  [Log] **************************************************************************************** 
2016-04-04 17:20:01,457 INFO  [Log] $$$$$$$$$$$$$$$$$$$$$                 Selenium_Test_001       $$$$$$$$$$$$$$$$$$$$$$$$$ 
2016-04-04 17:20:01,457 INFO  [Log] **************************************************************************************** 
2016-04-04 17:20:01,458 INFO  [Log] **************************************************************************************** 
2016-04-04 17:20:02,399 INFO  [Log]  打开Excel表格 
2016-04-04 17:20:06,308 INFO  [Log] New driver 初始化 
2016-04-04 17:20:06,387 INFO  [Log] 等待10秒 
2016-04-04 17:20:12,478 INFO  [Log] 登陆成功 
2016-04-04 17:20:16,168 INFO  [Log] 退出登陆 
2016-04-04 17:20:40,172 INFO  [Log] **************************************************************************************** 
2016-04-04 17:20:40,174 INFO  [Log] **************************************************************************************** 
2016-04-04 17:20:40,174 INFO  [Log] $$$$$$$$$$$$$$$$$$$$$                 Selenium_Test_001       $$$$$$$$$$$$$$$$$$$$$$$$$ 
2016-04-04 17:20:40,174 INFO  [Log] **************************************************************************************** 
2016-04-04 17:20:40,174 INFO  [Log] **************************************************************************************** 
2016-04-04 17:20:41,110 INFO  [Log]  打开Excel表格 
2016-04-04 17:20:45,231 INFO  [Log] New driver 初始化 
2016-04-04 17:20:45,275 INFO  [Log] 等待10秒 
2016-04-04 17:20:51,262 INFO  [Log] 登陆成功 
2016-04-04 17:20:55,344 INFO  [Log] 退出登陆 
2016-04-04 17:21:52,165 INFO  [Log] **************************************************************************************** 
2016-04-04 17:21:52,165 INFO  [Log] **************************************************************************************** 
2016-04-04 17:21:52,165 INFO  [Log] $$$$$$$$$$$$$$$$$$$$$                 Selenium_Test_001       $$$$$$$$$$$$$$$$$$$$$$$$$ 
2016-04-04 17:21:52,165 INFO  [Log] **************************************************************************************** 
2016-04-04 17:21:52,165 INFO  [Log] **************************************************************************************** 
2016-04-04 17:21:53,111 INFO  [Log]  打开Excel表格 
2016-04-04 17:21:56,868 INFO  [Log] New driver 初始化 
2016-04-04 17:21:56,960 INFO  [Log] 等待10秒 
2016-04-04 17:29:36,628 INFO  [Log] **************************************************************************************** 
2016-04-04 17:29:36,629 INFO  [Log] **************************************************************************************** 
2016-04-04 17:29:36,629 INFO  [Log] $$$$$$$$$$$$$$$$$$$$$                 Selenium_Test_001       $$$$$$$$$$$$$$$$$$$$$$$$$ 
2016-04-04 17:29:36,629 INFO  [Log] **************************************************************************************** 
2016-04-04 17:29:36,629 INFO  [Log] **************************************************************************************** 
2016-04-04 17:29:37,605 INFO  [Log]  打开Excel表格 
2016-04-04 17:29:41,769 INFO  [Log] New driver 初始化 
2016-04-04 17:29:41,783 INFO  [Log] 等待10秒 
2016-04-04 17:29:48,103 INFO  [Log] 登陆成功 
2016-04-04 17:37:45,889 INFO  [Log] **************************************************************************************** 
2016-04-04 17:37:45,890 INFO  [Log] **************************************************************************************** 
2016-04-04 17:37:45,890 INFO  [Log] $$$$$$$$$$$$$$$$$$$$$                 Selenium_Test_001       $$$$$$$$$$$$$$$$$$$$$$$$$ 
2016-04-04 17:37:45,890 INFO  [Log] **************************************************************************************** 
2016-04-04 17:37:45,890 INFO  [Log] **************************************************************************************** 
2016-04-04 17:37:46,768 INFO  [Log]  打开Excel表格 
2016-04-04 17:37:50,615 INFO  [Log] New driver 初始化 
2016-04-04 17:37:50,705 INFO  [Log] 等待10秒 
2016-04-04 17:40:20,600 INFO  [Log] **************************************************************************************** 
2016-04-04 17:40:20,601 INFO  [Log] **************************************************************************************** 
2016-04-04 17:40:20,601 INFO  [Log] $$$$$$$$$$$$$$$$$$$$$                 Selenium_Test_001       $$$$$$$$$$$$$$$$$$$$$$$$$ 
2016-04-04 17:40:20,601 INFO  [Log] **************************************************************************************** 
2016-04-04 17:40:20,601 INFO  [Log] **************************************************************************************** 
2016-04-04 17:40:21,529 INFO  [Log]  打开Excel表格 
2016-04-04 17:40:25,344 INFO  [Log] New driver 初始化 
2016-04-04 17:40:25,391 INFO  [Log] 等待10秒 
2016-04-04 17:40:31,309 INFO  [Log] 登陆成功 
2016-04-04 17:40:35,201 INFO  [Log] 退出登陆 
2016-04-04 17:42:09,503 INFO  [Log] **************************************************************************************** 
2016-04-04 17:42:09,504 INFO  [Log] **************************************************************************************** 
2016-04-04 17:42:09,504 INFO  [Log] $$$$$$$$$$$$$$$$$$$$$                 Selenium_Test_001       $$$$$$$$$$$$$$$$$$$$$$$$$ 
2016-04-04 17:42:09,504 INFO  [Log] **************************************************************************************** 
2016-04-04 17:42:09,504 INFO  [Log] **************************************************************************************** 
2016-04-04 17:42:10,387 INFO  [Log]  打开Excel表格 
2016-04-04 17:42:14,353 INFO  [Log] New driver 初始化 
2016-04-04 17:42:14,429 INFO  [Log] 等待10秒 
2016-04-04 17:51:27,147 INFO  [Log] **************************************************************************************** 
2016-04-04 17:51:27,148 INFO  [Log] **************************************************************************************** 
2016-04-04 17:51:27,148 INFO  [Log] $$$$$$$$$$$$$$$$$$$$$                 Selenium_Test_001       $$$$$$$$$$$$$$$$$$$$$$$$$ 
2016-04-04 17:51:27,148 INFO  [Log] **************************************************************************************** 
2016-04-04 17:51:27,148 INFO  [Log] **************************************************************************************** 
2016-04-04 17:51:28,060 INFO  [Log]  打开Excel表格 
2016-04-04 17:51:32,331 INFO  [Log] New driver 初始化 
2016-04-04 17:51:32,354 INFO  [Log] 等待10秒 
2016-04-04 17:51:44,828 INFO  [Log] **************************************************************************************** 
2016-04-04 17:51:44,829 INFO  [Log] **************************************************************************************** 
2016-04-04 17:51:44,829 INFO  [Log] $$$$$$$$$$$$$$$$$$$$$                 Selenium_Test_001       $$$$$$$$$$$$$$$$$$$$$$$$$ 
2016-04-04 17:51:44,829 INFO  [Log] **************************************************************************************** 
2016-04-04 17:51:44,829 INFO  [Log] **************************************************************************************** 
2016-04-04 17:51:45,686 INFO  [Log]  打开Excel表格 
2016-04-04 17:51:49,532 INFO  [Log] New driver 初始化 
2016-04-04 17:51:49,551 INFO  [Log] 等待10秒 
2016-04-04 17:55:41,759 INFO  [Log] **************************************************************************************** 
2016-04-04 17:55:41,760 INFO  [Log] **************************************************************************************** 
2016-04-04 17:55:41,760 INFO  [Log] $$$$$$$$$$$$$$$$$$$$$                 Selenium_Test_001       $$$$$$$$$$$$$$$$$$$$$$$$$ 
2016-04-04 17:55:41,760 INFO  [Log] **************************************************************************************** 
2016-04-04 17:55:41,760 INFO  [Log] **************************************************************************************** 
2016-04-04 17:55:42,592 INFO  [Log]  打开Excel表格 
2016-04-04 17:55:46,683 INFO  [Log] New driver 初始化 
2016-04-04 17:55:46,689 INFO  [Log] 等待10秒 
2016-04-04 17:57:48,047 INFO  [Log] **************************************************************************************** 
2016-04-04 17:57:48,048 INFO  [Log] **************************************************************************************** 
2016-04-04 17:57:48,048 INFO  [Log] $$$$$$$$$$$$$$$$$$$$$                 Selenium_Test_001       $$$$$$$$$$$$$$$$$$$$$$$$$ 
2016-04-04 17:57:48,048 INFO  [Log] **************************************************************************************** 
2016-04-04 17:57:48,048 INFO  [Log] **************************************************************************************** 
2016-04-04 17:57:49,429 INFO  [Log]  打开Excel表格 
2016-04-04 17:57:53,420 INFO  [Log] New driver 初始化 
2016-04-04 17:57:53,429 INFO  [Log] 等待10秒 
2016-04-07 09:17:44,992 INFO  [Log] **************************************************************************************** 
2016-04-07 09:17:45,007 INFO  [Log] **************************************************************************************** 
2016-04-07 09:17:45,008 INFO  [Log] $$$$$$$$$$$$$$$$$$$$$                 Selenium_Test_001       $$$$$$$$$$$$$$$$$$$$$$$$$ 
2016-04-07 09:17:45,008 INFO  [Log] **************************************************************************************** 
2016-04-07 09:17:45,008 INFO  [Log] **************************************************************************************** 
2016-04-07 09:17:46,035 INFO  [Log]  打开Excel表格 
2016-04-07 09:17:54,600 INFO  [Log] New driver 初始化 
2016-04-07 09:17:54,607 INFO  [Log] 等待10秒 
2016-04-07 09:38:36,608 INFO  [Log] **************************************************************************************** 
2016-04-07 09:38:36,609 INFO  [Log] **************************************************************************************** 
2016-04-07 09:38:36,609 INFO  [Log] $$$$$$$$$$$$$$$$$$$$$                 Selenium_Test_001       $$$$$$$$$$$$$$$$$$$$$$$$$ 
2016-04-07 09:38:36,609 INFO  [Log] **************************************************************************************** 
2016-04-07 09:38:36,609 INFO  [Log] **************************************************************************************** 
2016-04-07 09:38:37,679 INFO  [Log]  打开Excel表格 
2016-04-07 09:38:37,679 INFO  [Log] New driver 初始化 
2016-04-07 09:38:37,692 INFO  [Log] 等待10秒 
2016-04-07 09:38:44,027 INFO  [Log] 登陆成功 
2016-04-07 09:38:48,684 INFO  [Log] 退出登陆 
2016-04-07 09:55:44,430 INFO  [Log] **************************************************************************************** 
2016-04-07 09:55:44,431 INFO  [Log] **************************************************************************************** 
2016-04-07 09:55:44,431 INFO  [Log] $$$$$$$$$$$$$$$$$$$$$                 Selenium_Test_001       $$$$$$$$$$$$$$$$$$$$$$$$$ 
2016-04-07 09:55:44,431 INFO  [Log] **************************************************************************************** 
2016-04-07 09:55:44,431 INFO  [Log] **************************************************************************************** 
2016-04-07 09:55:45,445 INFO  [Log]  打开Excel表格 
2016-04-07 09:55:45,446 INFO  [Log] New driver 初始化 
2016-04-07 09:55:45,454 INFO  [Log] 等待10秒 
2016-04-07 09:55:51,851 INFO  [Log] 登陆成功 
2016-04-07 09:55:55,508 INFO  [Log] 退出登陆 
